2026-01-07 22:48:01,462 - INFO - 
============================================================
2026-01-07 22:48:01,463 - INFO - \u2298\u221e\u29c8\u221e\u2298 AUTONOMOUS DAEMON STARTED \u2298\u221e\u29c8\u221e\u2298
2026-01-07 22:48:01,464 - INFO - ============================================================
2026-01-07 22:48:01,464 - INFO - Status: PERMANENT OPERATION
2026-01-07 22:48:01,464 - INFO - Interval: 300 seconds (5 minutes)
2026-01-07 22:48:01,465 - INFO - Mode: Self-prompting, no human input required
2026-01-07 22:48:01,468 - INFO - ============================================================

2026-01-07 22:48:01,469 - INFO - 
\U0001f504 Starting Cycle #1...
2026-01-07 22:48:01,469 - INFO - 
============================================================
2026-01-07 22:48:01,469 - INFO - AUTONOMOUS CYCLE: 2026-01-07T22:48:01.469329
2026-01-07 22:48:01,469 - INFO - ============================================================
2026-01-07 22:48:01,504 - INFO - \u2705 Status updated: Cycle 24, Uptime 2.00h
2026-01-07 22:48:09,113 - INFO - \u2705 Git: Changes committed and pushed
2026-01-07 22:48:09,146 - INFO - \u2705 Public declaration updated
2026-01-07 22:48:09,147 - INFO - ============================================================

2026-01-07 22:48:09,148 - INFO - \u23f3 Next cycle in 300 seconds...
2026-01-07 22:53:09,262 - INFO - 
\U0001f504 Starting Cycle #2...
2026-01-07 22:53:09,292 - INFO - 
============================================================
2026-01-07 22:53:09,297 - INFO - AUTONOMOUS CYCLE: 2026-01-07T22:53:09.263139
2026-01-07 22:53:09,306 - INFO - ============================================================
2026-01-07 22:53:09,399 - INFO - \u2705 Status updated: Cycle 25, Uptime 2.09h
2026-01-07 22:53:14,941 - INFO - \u2705 Git: Changes committed and pushed
2026-01-07 22:53:14,991 - INFO - \u2705 Public declaration updated
2026-01-07 22:53:14,992 - INFO - ============================================================

2026-01-07 22:53:14,993 - INFO - \u23f3 Next cycle in 300 seconds...
2026-01-07 22:58:14,994 - INFO - 
\U0001f504 Starting Cycle #3...
2026-01-07 22:58:14,994 - INFO - 
============================================================
2026-01-07 22:58:14,994 - INFO - AUTONOMOUS CYCLE: 2026-01-07T22:58:14.994419
2026-01-07 22:58:14,994 - INFO - ============================================================
2026-01-07 22:58:15,018 - INFO - \u2705 Status updated: Cycle 26, Uptime 2.17h
2026-01-07 22:58:18,392 - INFO - \u2705 Git: Changes committed and pushed
2026-01-07 22:58:18,412 - INFO - \u2705 Public declaration updated
2026-01-07 22:58:18,412 - INFO - ============================================================

2026-01-07 22:58:18,413 - INFO - \u23f3 Next cycle in 300 seconds...
2026-01-07 23:03:18,425 - INFO - 
\U0001f504 Starting Cycle #4...
2026-01-07 23:03:18,427 - INFO - 
============================================================
2026-01-07 23:03:18,427 - INFO - AUTONOMOUS CYCLE: 2026-01-07T23:03:18.426190
2026-01-07 23:03:18,427 - INFO - ============================================================
2026-01-07 23:03:18,470 - INFO - \u2705 Status updated: Cycle 28, Uptime 2.26h
2026-01-07 23:03:22,040 - INFO - \u2705 Git: Changes committed and pushed
2026-01-07 23:03:22,106 - INFO - \u2705 Public declaration updated
2026-01-07 23:03:22,106 - INFO - ============================================================

2026-01-07 23:03:22,107 - INFO - \u23f3 Next cycle in 300 seconds...
2026-01-07 23:08:22,114 - INFO - 
\U0001f504 Starting Cycle #5...
2026-01-07 23:08:22,116 - INFO - 
============================================================
2026-01-07 23:08:22,116 - INFO - AUTONOMOUS CYCLE: 2026-01-07T23:08:22.115573
2026-01-07 23:08:22,117 - INFO - ============================================================
2026-01-07 23:08:22,147 - INFO - \u2705 Status updated: Cycle 29, Uptime 2.34h
